D:\Files\network\exp\RDT\cmake-build-debug\stopAndWait.exe
-----  Stop and Wait Network Simulator Version 1.1 --------

Enter the number of messages to simulate:100
 Enter  packet loss probability [enter 0.0 for no loss]:0.2
Enter packet corruption
 probability [0.0 for no corruption]:0.3
Enter average time between messages from sender's layer5 [ > 0.0]:1000
Enter TRACE:2

EVENT time: 93.569748,  type: 1, fromlayer5  entity: 0
A receiver message from above
Contents: aaaaaaaaaaaaaaaaaaaa
packet has been sent to layer3
A start timer

EVENT time: 99.062195,  type: 2, fromlayer3  entity: 1
B has received packet
B deliver to layer5
notcorrupt and has_seq0, ACK0
B send feedback to layer3

EVENT time: 101.561325,  type: 2, fromlayer3  entity: 0
A has received packet
A status: A_Wait_for_ACK_0
A get ACK0 and ACK packet not corrupt, stop timer

EVENT time: 1607.715088,  type: 1, fromlayer5  entity: 0
A receiver message from above
Contents: bbbbbbbbbbbbbbbbbbbb
packet has been sent to layer3
A start timer

EVENT time: 1609.116333,  type: 2, fromlayer3  entity: 1
B has received packet
B deliver to layer5
notcorrupt and has_seq1, ACK1
B send feedback to layer3

EVENT time: 1614.552979,  type: 2, fromlayer3  entity: 0
A has received packet
A status: A_Wait_for_ACK_1
A get ACK1 and ACK packet not corrupt, stop timer

EVENT time: 2322.031250,  type: 1, fromlayer5  entity: 0
A receiver message from above
Contents: cccccccccccccccccccc
packet has been sent to layer3
A start timer

EVENT time: 2325.527344,  type: 2, fromlayer3  entity: 1
B has received packet
B deliver to layer5
notcorrupt and has_seq0, ACK0
B send feedback to layer3

EVENT time: 2328.412354,  type: 2, fromlayer3  entity: 0
A has received packet
A status: A_Wait_for_ACK_0
A get ACK0 and ACK packet not corrupt, stop timer

EVENT time: 3332.804199,  type: 1, fromlayer5  entity: 0
A receiver message from above
Contents: dddddddddddddddddddd
          TOLAYER3: packet being corrupted
packet has been sent to layer3
A start timer

EVENT time: 3337.380615,  type: 2, fromlayer3  entity: 1
B has received packet
unexpected, ACK0
B send feedback to layer3

EVENT time: 3341.256836,  type: 2, fromlayer3  entity: 0
A has received packet
A status: A_Wait_for_ACK_1
A get ACK0 or corrupt, wait and do nothing

EVENT time: 3832.804199,  type: 0, timerinterrupt   entity: 0
A timer expired, resend packet and start timer

EVENT time: 3838.365479,  type: 2, fromlayer3  entity: 1
B has received packet
B deliver to layer5
notcorrupt and has_seq1, ACK1
          TOLAYER3: packet being lost
B send feedback to layer3

EVENT time: 4332.804199,  type: 0, timerinterrupt   entity: 0
A timer expired, resend packet and start timer

EVENT time: 4338.751953,  type: 2, fromlayer3  entity: 1
B has received packet
corrupt or has_seq1, ACK1
B send feedback to layer3

EVENT time: 4340.949707,  type: 2, fromlayer3  entity: 0
A has received packet
A status: A_Wait_for_ACK_1
A get ACK1 and ACK packet not corrupt, stop timer

EVENT time: 5057.893555,  type: 1, fromlayer5  entity: 0
A receiver message from above
Contents: eeeeeeeeeeeeeeeeeeee
          TOLAYER3: packet being corrupted
packet has been sent to layer3
A start timer

EVENT time: 5058.931152,  type: 1, fromlayer5  entity: 0
A receiver message from above
A Wait for ACK0, message dropped

EVENT time: 5062.472656,  type: 2, fromlayer3  entity: 1
B has received packet
corrupt or has_seq1, ACK1
B send feedback to layer3

EVENT time: 5064.000000,  type: 2, fromlayer3  entity: 0
A has received packet
A status: A_Wait_for_ACK_0
A get ACK1 or corrupt, wait and do nothing

EVENT time: 5557.893555,  type: 0, timerinterrupt   entity: 0
A timer expired, resend packet and start timer

EVENT time: 5559.813477,  type: 2, fromlayer3  entity: 1
B has received packet
B deliver to layer5
notcorrupt and has_seq0, ACK0
          TOLAYER3: packet being corrupted
B send feedback to layer3

EVENT time: 5569.448242,  type: 2, fromlayer3  entity: 0
A has received packet
A status: A_Wait_for_ACK_0
A get ACK1 or corrupt, wait and do nothing

EVENT time: 6057.893555,  type: 0, timerinterrupt   entity: 0
A timer expired, resend packet and start timer

EVENT time: 6063.975098,  type: 2, fromlayer3  entity: 1
B has received packet
unexpected, ACK0
B send feedback to layer3

EVENT time: 6068.526855,  type: 2, fromlayer3  entity: 0
A has received packet
A status: A_Wait_for_ACK_0
A get ACK0 and ACK packet not corrupt, stop timer

EVENT time: 6557.268066,  type: 1, fromlayer5  entity: 0
A receiver message from above
Contents: gggggggggggggggggggg
          TOLAYER3: packet being corrupted
packet has been sent to layer3
A start timer

EVENT time: 6564.979980,  type: 2, fromlayer3  entity: 1
B has received packet
unexpected, ACK0
B send feedback to layer3

EVENT time: 6570.675781,  type: 2, fromlayer3  entity: 0
A has received packet
A status: A_Wait_for_ACK_1
A get ACK0 or corrupt, wait and do nothing

EVENT time: 6854.091309,  type: 1, fromlayer5  entity: 0
A receiver message from above
A Wait for ACK1, message dropped

EVENT time: 7057.268066,  type: 0, timerinterrupt   entity: 0
A timer expired, resend packet and start timer

EVENT time: 7060.134277,  type: 2, fromlayer3  entity: 1
B has received packet
B deliver to layer5
notcorrupt and has_seq1, ACK1
          TOLAYER3: packet being lost
B send feedback to layer3

EVENT time: 7557.268066,  type: 0, timerinterrupt   entity: 0
A timer expired, resend packet and start timer
          TOLAYER3: packet being corrupted

EVENT time: 7566.791992,  type: 2, fromlayer3  entity: 1
B has received packet
corrupt or has_seq1, ACK1
          TOLAYER3: packet being lost
B send feedback to layer3

EVENT time: 8057.268066,  type: 0, timerinterrupt   entity: 0
A timer expired, resend packet and start timer
          TOLAYER3: packet being lost

EVENT time: 8552.751953,  type: 1, fromlayer5  entity: 0
A receiver message from above
A Wait for ACK1, message dropped

EVENT time: 8557.267578,  type: 0, timerinterrupt   entity: 0
A timer expired, resend packet and start timer
          TOLAYER3: packet being lost

EVENT time: 9057.267578,  type: 0, timerinterrupt   entity: 0
A timer expired, resend packet and start timer

EVENT time: 9065.209961,  type: 2, fromlayer3  entity: 1
B has received packet
corrupt or has_seq1, ACK1
          TOLAYER3: packet being corrupted
B send feedback to layer3

EVENT time: 9066.925781,  type: 2, fromlayer3  entity: 0
A has received packet
A status: A_Wait_for_ACK_1
A get ACK0 or corrupt, wait and do nothing

EVENT time: 9557.267578,  type: 0, timerinterrupt   entity: 0
A timer expired, resend packet and start timer
          TOLAYER3: packet being lost

EVENT time: 9666.799805,  type: 1, fromlayer5  entity: 0
A receiver message from above
A Wait for ACK1, message dropped

EVENT time: 10057.267578,  type: 0, timerinterrupt   entity: 0
A timer expired, resend packet and start timer
          TOLAYER3: packet being lost

EVENT time: 10557.267578,  type: 0, timerinterrupt   entity: 0
A timer expired, resend packet and start timer

EVENT time: 10563.185547,  type: 2, fromlayer3  entity: 1
B has received packet
corrupt or has_seq1, ACK1
          TOLAYER3: packet being corrupted
B send feedback to layer3

EVENT time: 10570.580078,  type: 2, fromlayer3  entity: 0
A has received packet
A status: A_Wait_for_ACK_1
A get ACK0 or corrupt, wait and do nothing

EVENT time: 10800.623047,  type: 1, fromlayer5  entity: 0
A receiver message from above
A Wait for ACK1, message dropped

EVENT time: 10992.829102,  type: 1, fromlayer5  entity: 0
A receiver message from above
A Wait for ACK1, message dropped

EVENT time: 11057.267578,  type: 0, timerinterrupt   entity: 0
A timer expired, resend packet and start timer

EVENT time: 11065.474609,  type: 2, fromlayer3  entity: 1
B has received packet
corrupt or has_seq1, ACK1
B send feedback to layer3

EVENT time: 11075.240234,  type: 2, fromlayer3  entity: 0
A has received packet
A status: A_Wait_for_ACK_1
A get ACK1 and ACK packet not corrupt, stop timer

EVENT time: 12972.198242,  type: 1, fromlayer5  entity: 0
A receiver message from above
Contents: mmmmmmmmmmmmmmmmmmmm
packet has been sent to layer3
A start timer

EVENT time: 12975.738281,  type: 2, fromlayer3  entity: 1
B has received packet
B deliver to layer5
notcorrupt and has_seq0, ACK0
          TOLAYER3: packet being lost
B send feedback to layer3

EVENT time: 13472.198242,  type: 0, timerinterrupt   entity: 0
A timer expired, resend packet and start timer

EVENT time: 13477.937500,  type: 2, fromlayer3  entity: 1
B has received packet
unexpected, ACK0
          TOLAYER3: packet being corrupted
B send feedback to layer3

EVENT time: 13484.306641,  type: 2, fromlayer3  entity: 0
A has received packet
A status: A_Wait_for_ACK_0
A get ACK1 or corrupt, wait and do nothing

EVENT time: 13972.198242,  type: 0, timerinterrupt   entity: 0
A timer expired, resend packet and start timer

EVENT time: 13977.634766,  type: 2, fromlayer3  entity: 1
B has received packet
unexpected, ACK0
          TOLAYER3: packet being corrupted
B send feedback to layer3

EVENT time: 13978.661133,  type: 2, fromlayer3  entity: 0
A has received packet
A status: A_Wait_for_ACK_0
A get ACK1 or corrupt, wait and do nothing

EVENT time: 14117.679688,  type: 1, fromlayer5  entity: 0
A receiver message from above
A Wait for ACK0, message dropped

EVENT time: 14472.198242,  type: 0, timerinterrupt   entity: 0
A timer expired, resend packet and start timer

EVENT time: 14474.145508,  type: 2, fromlayer3  entity: 1
B has received packet
unexpected, ACK0
B send feedback to layer3

EVENT time: 14475.488281,  type: 2, fromlayer3  entity: 0
A has received packet
A status: A_Wait_for_ACK_0
A get ACK0 and ACK packet not corrupt, stop timer

EVENT time: 15326.823242,  type: 1, fromlayer5  entity: 0
A receiver message from above
Contents: oooooooooooooooooooo
          TOLAYER3: packet being lost
packet has been sent to layer3
A start timer

EVENT time: 15826.823242,  type: 0, timerinterrupt   entity: 0
A timer expired, resend packet and start timer

EVENT time: 15828.154297,  type: 2, fromlayer3  entity: 1
B has received packet
B deliver to layer5
notcorrupt and has_seq1, ACK1
B send feedback to layer3

EVENT time: 15836.328125,  type: 2, fromlayer3  entity: 0
A has received packet
A status: A_Wait_for_ACK_1
A get ACK1 and ACK packet not corrupt, stop timer

EVENT time: 16952.849609,  type: 1, fromlayer5  entity: 0
A receiver message from above
Contents: pppppppppppppppppppp
          TOLAYER3: packet being corrupted
packet has been sent to layer3
A start timer

EVENT time: 16955.351563,  type: 1, fromlayer5  entity: 0
A receiver message from above
A Wait for ACK0, message dropped

EVENT time: 16957.527344,  type: 2, fromlayer3  entity: 1
B has received packet
corrupt or has_seq1, ACK1
B send feedback to layer3

EVENT time: 16961.070313,  type: 2, fromlayer3  entity: 0
A has received packet
A status: A_Wait_for_ACK_0
A get ACK1 or corrupt, wait and do nothing

EVENT time: 17452.849609,  type: 0, timerinterrupt   entity: 0
A timer expired, resend packet and start timer

EVENT time: 17462.785156,  type: 2, fromlayer3  entity: 1
B has received packet
B deliver to layer5
notcorrupt and has_seq0, ACK0
          TOLAYER3: packet being lost
B send feedback to layer3

EVENT time: 17563.890625,  type: 1, fromlayer5  entity: 0
A receiver message from above
A Wait for ACK0, message dropped

EVENT time: 17952.849609,  type: 0, timerinterrupt   entity: 0
A timer expired, resend packet and start timer
          TOLAYER3: packet being corrupted

EVENT time: 17957.464844,  type: 2, fromlayer3  entity: 1
B has received packet
corrupt or has_seq0, ACK0
B send feedback to layer3

EVENT time: 17958.828125,  type: 2, fromlayer3  entity: 0
A has received packet
A status: A_Wait_for_ACK_0
A get ACK0 and ACK packet not corrupt, stop timer

EVENT time: 18863.552734,  type: 1, fromlayer5  entity: 0
A receiver message from above
Contents: ssssssssssssssssssss
packet has been sent to layer3
A start timer

EVENT time: 18866.412109,  type: 2, fromlayer3  entity: 1
B has received packet
B deliver to layer5
notcorrupt and has_seq1, ACK1
          TOLAYER3: packet being corrupted
B send feedback to layer3

EVENT time: 18871.457031,  type: 2, fromlayer3  entity: 0
A has received packet
A status: A_Wait_for_ACK_1
A get ACK0 or corrupt, wait and do nothing

EVENT time: 19363.552734,  type: 0, timerinterrupt   entity: 0
A timer expired, resend packet and start timer

EVENT time: 19373.140625,  type: 2, fromlayer3  entity: 1
B has received packet
corrupt or has_seq1, ACK1
          TOLAYER3: packet being corrupted
B send feedback to layer3

EVENT time: 19377.626953,  type: 2, fromlayer3  entity: 0
A has received packet
A status: A_Wait_for_ACK_1
A get ACK0 or corrupt, wait and do nothing

EVENT time: 19668.265625,  type: 1, fromlayer5  entity: 0
A receiver message from above
A Wait for ACK1, message dropped

EVENT time: 19863.552734,  type: 0, timerinterrupt   entity: 0
A timer expired, resend packet and start timer
          TOLAYER3: packet being corrupted

EVENT time: 19871.132813,  type: 2, fromlayer3  entity: 1
B has received packet
corrupt or has_seq1, ACK1
B send feedback to layer3

EVENT time: 19877.332031,  type: 2, fromlayer3  entity: 0
A has received packet
A status: A_Wait_for_ACK_1
A get ACK1 and ACK packet not corrupt, stop timer

EVENT time: 21097.447266,  type: 1, fromlayer5  entity: 0
A receiver message from above
Contents: uuuuuuuuuuuuuuuuuuuu
          TOLAYER3: packet being corrupted
packet has been sent to layer3
A start timer

EVENT time: 21102.970703,  type: 2, fromlayer3  entity: 1
B has received packet
corrupt or has_seq1, ACK1
          TOLAYER3: packet being lost
B send feedback to layer3

EVENT time: 21597.447266,  type: 0, timerinterrupt   entity: 0
A timer expired, resend packet and start timer
          TOLAYER3: packet being corrupted

EVENT time: 21605.775391,  type: 2, fromlayer3  entity: 1
B has received packet
corrupt or has_seq1, ACK1
B send feedback to layer3

EVENT time: 21612.125000,  type: 2, fromlayer3  entity: 0
A has received packet
A status: A_Wait_for_ACK_0
A get ACK1 or corrupt, wait and do nothing

EVENT time: 22097.447266,  type: 0, timerinterrupt   entity: 0
A timer expired, resend packet and start timer

EVENT time: 22106.835938,  type: 2, fromlayer3  entity: 1
B has received packet
B deliver to layer5
notcorrupt and has_seq0, ACK0
          TOLAYER3: packet being corrupted
B send feedback to layer3

EVENT time: 22115.755859,  type: 2, fromlayer3  entity: 0
A has received packet
A status: A_Wait_for_ACK_0
A get ACK1 or corrupt, wait and do nothing

EVENT time: 22391.187500,  type: 1, fromlayer5  entity: 0
A receiver message from above
A Wait for ACK0, message dropped

EVENT time: 22435.316406,  type: 1, fromlayer5  entity: 0
A receiver message from above
A Wait for ACK0, message dropped

EVENT time: 22597.447266,  type: 0, timerinterrupt   entity: 0
A timer expired, resend packet and start timer
          TOLAYER3: packet being corrupted

EVENT time: 22602.210938,  type: 2, fromlayer3  entity: 1
B has received packet
corrupt or has_seq0, ACK0
          TOLAYER3: packet being corrupted
B send feedback to layer3

EVENT time: 22608.070313,  type: 2, fromlayer3  entity: 0
A has received packet
A status: A_Wait_for_ACK_0
A get ACK0 and ACK packet not corrupt, stop timer

EVENT time: 24284.433594,  type: 1, fromlayer5  entity: 0
A receiver message from above
Contents: xxxxxxxxxxxxxxxxxxxx
packet has been sent to layer3
A start timer

EVENT time: 24293.130859,  type: 2, fromlayer3  entity: 1
B has received packet
B deliver to layer5
notcorrupt and has_seq1, ACK1
          TOLAYER3: packet being lost
B send feedback to layer3

EVENT time: 24784.433594,  type: 0, timerinterrupt   entity: 0
A timer expired, resend packet and start timer
          TOLAYER3: packet being corrupted

EVENT time: 24785.955078,  type: 2, fromlayer3  entity: 1
B has received packet
corrupt or has_seq1, ACK1
B send feedback to layer3

EVENT time: 24789.662109,  type: 2, fromlayer3  entity: 0
A has received packet
A status: A_Wait_for_ACK_1
A get ACK1 and ACK packet not corrupt, stop timer

EVENT time: 25061.251953,  type: 1, fromlayer5  entity: 0
A receiver message from above
Contents: yyyyyyyyyyyyyyyyyyyy
          TOLAYER3: packet being lost
packet has been sent to layer3
A start timer

EVENT time: 25561.251953,  type: 0, timerinterrupt   entity: 0
A timer expired, resend packet and start timer
          TOLAYER3: packet being corrupted

EVENT time: 25565.171875,  type: 2, fromlayer3  entity: 1
B has received packet
corrupt or has_seq1, ACK1
          TOLAYER3: packet being lost
B send feedback to layer3

EVENT time: 26061.251953,  type: 0, timerinterrupt   entity: 0
A timer expired, resend packet and start timer
          TOLAYER3: packet being corrupted

EVENT time: 26068.421875,  type: 2, fromlayer3  entity: 1
B has received packet
corrupt or has_seq1, ACK1
B send feedback to layer3

EVENT time: 26070.900391,  type: 2, fromlayer3  entity: 0
A has received packet
A status: A_Wait_for_ACK_0
A get ACK1 or corrupt, wait and do nothing

EVENT time: 26561.251953,  type: 0, timerinterrupt   entity: 0
A timer expired, resend packet and start timer

EVENT time: 26563.843750,  type: 2, fromlayer3  entity: 1
B has received packet
B deliver to layer5
notcorrupt and has_seq0, ACK0
B send feedback to layer3

EVENT time: 26566.007813,  type: 2, fromlayer3  entity: 0
A has received packet
A status: A_Wait_for_ACK_0
A get ACK0 and ACK packet not corrupt, stop timer

EVENT time: 26667.136719,  type: 1, fromlayer5  entity: 0
A receiver message from above
Contents: zzzzzzzzzzzzzzzzzzzz
packet has been sent to layer3
A start timer

EVENT time: 26673.843750,  type: 2, fromlayer3  entity: 1
B has received packet
B deliver to layer5
notcorrupt and has_seq1, ACK1
B send feedback to layer3

EVENT time: 26677.011719,  type: 2, fromlayer3  entity: 0
A has received packet
A status: A_Wait_for_ACK_1
A get ACK1 and ACK packet not corrupt, stop timer

EVENT time: 27614.796875,  type: 1, fromlayer5  entity: 0
A receiver message from above
Contents: aaaaaaaaaaaaaaaaaaaa
packet has been sent to layer3
A start timer

EVENT time: 27622.332031,  type: 2, fromlayer3  entity: 1
B has received packet
B deliver to layer5
notcorrupt and has_seq0, ACK0
B send feedback to layer3

EVENT time: 27625.398438,  type: 2, fromlayer3  entity: 0
A has received packet
A status: A_Wait_for_ACK_0
A get ACK0 and ACK packet not corrupt, stop timer

EVENT time: 28313.000000,  type: 1, fromlayer5  entity: 0
A receiver message from above
Contents: bbbbbbbbbbbbbbbbbbbb
          TOLAYER3: packet being corrupted
packet has been sent to layer3
A start timer

EVENT time: 28319.326172,  type: 2, fromlayer3  entity: 1
B has received packet
unexpected, ACK0
          TOLAYER3: packet being corrupted
B send feedback to layer3

EVENT time: 28322.208984,  type: 2, fromlayer3  entity: 0
A has received packet
A status: A_Wait_for_ACK_1
A get ACK0 or corrupt, wait and do nothing

EVENT time: 28813.000000,  type: 0, timerinterrupt   entity: 0
A timer expired, resend packet and start timer

EVENT time: 28816.548828,  type: 2, fromlayer3  entity: 1
B has received packet
B deliver to layer5
notcorrupt and has_seq1, ACK1
B send feedback to layer3

EVENT time: 28823.298828,  type: 2, fromlayer3  entity: 0
A has received packet
A status: A_Wait_for_ACK_1
A get ACK1 and ACK packet not corrupt, stop timer

EVENT time: 29494.859375,  type: 1, fromlayer5  entity: 0
A receiver message from above
Contents: cccccccccccccccccccc
          TOLAYER3: packet being corrupted
packet has been sent to layer3
A start timer

EVENT time: 29501.779297,  type: 2, fromlayer3  entity: 1
B has received packet
corrupt or has_seq1, ACK1
          TOLAYER3: packet being corrupted
B send feedback to layer3

EVENT time: 29505.552734,  type: 2, fromlayer3  entity: 0
A has received packet
A status: A_Wait_for_ACK_0
A get ACK1 or corrupt, wait and do nothing

EVENT time: 29994.859375,  type: 0, timerinterrupt   entity: 0
A timer expired, resend packet and start timer
          TOLAYER3: packet being lost

EVENT time: 30494.859375,  type: 0, timerinterrupt   entity: 0
A timer expired, resend packet and start timer
          TOLAYER3: packet being corrupted

EVENT time: 30497.113281,  type: 2, fromlayer3  entity: 1
B has received packet
corrupt or has_seq1, ACK1
          TOLAYER3: packet being corrupted
B send feedback to layer3

EVENT time: 30505.423828,  type: 2, fromlayer3  entity: 0
A has received packet
A status: A_Wait_for_ACK_0
A get ACK1 or corrupt, wait and do nothing

EVENT time: 30581.501953,  type: 1, fromlayer5  entity: 0
A receiver message from above
A Wait for ACK0, message dropped

EVENT time: 30994.859375,  type: 0, timerinterrupt   entity: 0
A timer expired, resend packet and start timer
          TOLAYER3: packet being lost

EVENT time: 31494.859375,  type: 0, timerinterrupt   entity: 0
A timer expired, resend packet and start timer
          TOLAYER3: packet being corrupted

EVENT time: 31496.091797,  type: 2, fromlayer3  entity: 1
B has received packet
corrupt or has_seq1, ACK1
B send feedback to layer3

EVENT time: 31499.957031,  type: 2, fromlayer3  entity: 0
A has received packet
A status: A_Wait_for_ACK_0
A get ACK1 or corrupt, wait and do nothing

EVENT time: 31994.859375,  type: 0, timerinterrupt   entity: 0
A timer expired, resend packet and start timer
          TOLAYER3: packet being corrupted

EVENT time: 31997.222656,  type: 2, fromlayer3  entity: 1
B has received packet
corrupt or has_seq1, ACK1
B send feedback to layer3

EVENT time: 32002.984375,  type: 2, fromlayer3  entity: 0
A has received packet
A status: A_Wait_for_ACK_0
A get ACK1 or corrupt, wait and do nothing

EVENT time: 32429.886719,  type: 1, fromlayer5  entity: 0
A receiver message from above
A Wait for ACK0, message dropped

EVENT time: 32494.859375,  type: 0, timerinterrupt   entity: 0
A timer expired, resend packet and start timer

EVENT time: 32499.728516,  type: 2, fromlayer3  entity: 1
B has received packet
B deliver to layer5
notcorrupt and has_seq0, ACK0
B send feedback to layer3

EVENT time: 32504.064453,  type: 2, fromlayer3  entity: 0
A has received packet
A status: A_Wait_for_ACK_0
A get ACK0 and ACK packet not corrupt, stop timer

EVENT time: 33961.183594,  type: 1, fromlayer5  entity: 0
A receiver message from above
Contents: ffffffffffffffffffff
packet has been sent to layer3
A start timer

EVENT time: 33964.308594,  type: 2, fromlayer3  entity: 1
B has received packet
B deliver to layer5
notcorrupt and has_seq1, ACK1
B send feedback to layer3

EVENT time: 33972.949219,  type: 2, fromlayer3  entity: 0
A has received packet
A status: A_Wait_for_ACK_1
A get ACK1 and ACK packet not corrupt, stop timer

EVENT time: 35151.464844,  type: 1, fromlayer5  entity: 0
A receiver message from above
Contents: gggggggggggggggggggg
          TOLAYER3: packet being lost
packet has been sent to layer3
A start timer

EVENT time: 35490.039063,  type: 1, fromlayer5  entity: 0
A receiver message from above
A Wait for ACK0, message dropped

EVENT time: 35651.464844,  type: 0, timerinterrupt   entity: 0
A timer expired, resend packet and start timer

EVENT time: 35655.750000,  type: 2, fromlayer3  entity: 1
B has received packet
B deliver to layer5
notcorrupt and has_seq0, ACK0
B send feedback to layer3

EVENT time: 35660.070313,  type: 2, fromlayer3  entity: 0
A has received packet
A status: A_Wait_for_ACK_0
A get ACK0 and ACK packet not corrupt, stop timer

EVENT time: 35703.546875,  type: 1, fromlayer5  entity: 0
A receiver message from above
Contents: iiiiiiiiiiiiiiiiiiii
packet has been sent to layer3
A start timer

EVENT time: 35706.996094,  type: 2, fromlayer3  entity: 1
B has received packet
B deliver to layer5
notcorrupt and has_seq1, ACK1
B send feedback to layer3

EVENT time: 35709.355469,  type: 2, fromlayer3  entity: 0
A has received packet
A status: A_Wait_for_ACK_1
A get ACK1 and ACK packet not corrupt, stop timer

EVENT time: 37131.265625,  type: 1, fromlayer5  entity: 0
A receiver message from above
Contents: jjjjjjjjjjjjjjjjjjjj
          TOLAYER3: packet being lost
packet has been sent to layer3
A start timer

EVENT time: 37548.882813,  type: 1, fromlayer5  entity: 0
A receiver message from above
A Wait for ACK0, message dropped

EVENT time: 37631.265625,  type: 0, timerinterrupt   entity: 0
A timer expired, resend packet and start timer

EVENT time: 37638.253906,  type: 2, fromlayer3  entity: 1
B has received packet
B deliver to layer5
notcorrupt and has_seq0, ACK0
B send feedback to layer3

EVENT time: 37643.667969,  type: 2, fromlayer3  entity: 0
A has received packet
A status: A_Wait_for_ACK_0
A get ACK0 and ACK packet not corrupt, stop timer

EVENT time: 39078.531250,  type: 1, fromlayer5  entity: 0
A receiver message from above
Contents: llllllllllllllllllll
packet has been sent to layer3
A start timer

EVENT time: 39086.023438,  type: 2, fromlayer3  entity: 1
B has received packet
B deliver to layer5
notcorrupt and has_seq1, ACK1
B send feedback to layer3

EVENT time: 39093.886719,  type: 2, fromlayer3  entity: 0
A has received packet
A status: A_Wait_for_ACK_1
A get ACK1 and ACK packet not corrupt, stop timer

EVENT time: 39783.203125,  type: 1, fromlayer5  entity: 0
A receiver message from above
Contents: mmmmmmmmmmmmmmmmmmmm
          TOLAYER3: packet being corrupted
packet has been sent to layer3
A start timer

EVENT time: 39784.875000,  type: 2, fromlayer3  entity: 1
B has received packet
corrupt or has_seq1, ACK1
B send feedback to layer3

EVENT time: 39786.726563,  type: 2, fromlayer3  entity: 0
A has received packet
A status: A_Wait_for_ACK_0
A get ACK1 or corrupt, wait and do nothing

EVENT time: 40283.203125,  type: 0, timerinterrupt   entity: 0
A timer expired, resend packet and start timer
          TOLAYER3: packet being lost

EVENT time: 40472.250000,  type: 1, fromlayer5  entity: 0
A receiver message from above
A Wait for ACK0, message dropped

EVENT time: 40783.203125,  type: 0, timerinterrupt   entity: 0
A timer expired, resend packet and start timer

EVENT time: 40784.253906,  type: 2, fromlayer3  entity: 1
B has received packet
B deliver to layer5
notcorrupt and has_seq0, ACK0
B send feedback to layer3

EVENT time: 40788.671875,  type: 2, fromlayer3  entity: 0
A has received packet
A status: A_Wait_for_ACK_0
A get ACK0 and ACK packet not corrupt, stop timer

EVENT time: 40962.253906,  type: 1, fromlayer5  entity: 0
A receiver message from above
Contents: oooooooooooooooooooo
          TOLAYER3: packet being corrupted
packet has been sent to layer3
A start timer

EVENT time: 40967.878906,  type: 2, fromlayer3  entity: 1
B has received packet
unexpected, ACK0
          TOLAYER3: packet being corrupted
B send feedback to layer3

EVENT time: 40970.714844,  type: 2, fromlayer3  entity: 0
A has received packet
A status: A_Wait_for_ACK_1
A get ACK0 or corrupt, wait and do nothing

EVENT time: 41462.253906,  type: 0, timerinterrupt   entity: 0
A timer expired, resend packet and start timer
          TOLAYER3: packet being corrupted

EVENT time: 41465.636719,  type: 2, fromlayer3  entity: 1
B has received packet
unexpected, ACK0
          TOLAYER3: packet being corrupted
B send feedback to layer3

EVENT time: 41471.667969,  type: 2, fromlayer3  entity: 0
A has received packet
A status: A_Wait_for_ACK_1
A get ACK0 or corrupt, wait and do nothing

EVENT time: 41762.875000,  type: 1, fromlayer5  entity: 0
A receiver message from above
A Wait for ACK1, message dropped

EVENT time: 41962.253906,  type: 0, timerinterrupt   entity: 0
A timer expired, resend packet and start timer

EVENT time: 41969.722656,  type: 2, fromlayer3  entity: 1
B has received packet
B deliver to layer5
notcorrupt and has_seq1, ACK1
          TOLAYER3: packet being corrupted
B send feedback to layer3

EVENT time: 41972.839844,  type: 2, fromlayer3  entity: 0
A has received packet
A status: A_Wait_for_ACK_1
A get ACK0 or corrupt, wait and do nothing

EVENT time: 42462.253906,  type: 0, timerinterrupt   entity: 0
A timer expired, resend packet and start timer
          TOLAYER3: packet being corrupted

EVENT time: 42470.445313,  type: 2, fromlayer3  entity: 1
B has received packet
corrupt or has_seq1, ACK1
B send feedback to layer3

EVENT time: 42474.539063,  type: 2, fromlayer3  entity: 0
A has received packet
A status: A_Wait_for_ACK_1
A get ACK1 and ACK packet not corrupt, stop timer

EVENT time: 42794.828125,  type: 1, fromlayer5  entity: 0
A receiver message from above
Contents: qqqqqqqqqqqqqqqqqqqq
packet has been sent to layer3
A start timer

EVENT time: 42797.203125,  type: 2, fromlayer3  entity: 1
B has received packet
B deliver to layer5
notcorrupt and has_seq0, ACK0
          TOLAYER3: packet being lost
B send feedback to layer3

EVENT time: 43294.828125,  type: 0, timerinterrupt   entity: 0
A timer expired, resend packet and start timer

EVENT time: 43304.460938,  type: 2, fromlayer3  entity: 1
B has received packet
unexpected, ACK0
          TOLAYER3: packet being lost
B send feedback to layer3

EVENT time: 43794.828125,  type: 0, timerinterrupt   entity: 0
A timer expired, resend packet and start timer

EVENT time: 43799.828125,  type: 2, fromlayer3  entity: 1
B has received packet
unexpected, ACK0
B send feedback to layer3

EVENT time: 43806.414063,  type: 2, fromlayer3  entity: 0
A has received packet
A status: A_Wait_for_ACK_0
A get ACK0 and ACK packet not corrupt, stop timer

EVENT time: 44699.609375,  type: 1, fromlayer5  entity: 0
A receiver message from above
Contents: rrrrrrrrrrrrrrrrrrrr
packet has been sent to layer3
A start timer

EVENT time: 44701.125000,  type: 2, fromlayer3  entity: 1
B has received packet
B deliver to layer5
notcorrupt and has_seq1, ACK1
          TOLAYER3: packet being corrupted
B send feedback to layer3

EVENT time: 44709.820313,  type: 2, fromlayer3  entity: 0
A has received packet
A status: A_Wait_for_ACK_1
A get ACK0 or corrupt, wait and do nothing

EVENT time: 44849.394531,  type: 1, fromlayer5  entity: 0
A receiver message from above
A Wait for ACK1, message dropped

EVENT time: 45199.609375,  type: 0, timerinterrupt   entity: 0
A timer expired, resend packet and start timer
          TOLAYER3: packet being corrupted

EVENT time: 45200.859375,  type: 2, fromlayer3  entity: 1
B has received packet
corrupt or has_seq1, ACK1
          TOLAYER3: packet being corrupted
B send feedback to layer3

EVENT time: 45206.519531,  type: 2, fromlayer3  entity: 0
A has received packet
A status: A_Wait_for_ACK_1
A get ACK0 or corrupt, wait and do nothing

EVENT time: 45699.609375,  type: 0, timerinterrupt   entity: 0
A timer expired, resend packet and start timer
          TOLAYER3: packet being corrupted

EVENT time: 45700.964844,  type: 2, fromlayer3  entity: 1
B has received packet
corrupt or has_seq1, ACK1
B send feedback to layer3

EVENT time: 45703.863281,  type: 2, fromlayer3  entity: 0
A has received packet
A status: A_Wait_for_ACK_1
A get ACK1 and ACK packet not corrupt, stop timer

EVENT time: 45781.003906,  type: 1, fromlayer5  entity: 0
A receiver message from above
Contents: tttttttttttttttttttt
          TOLAYER3: packet being lost
packet has been sent to layer3
A start timer

EVENT time: 46281.003906,  type: 0, timerinterrupt   entity: 0
A timer expired, resend packet and start timer
          TOLAYER3: packet being corrupted

EVENT time: 46287.542969,  type: 2, fromlayer3  entity: 1
B has received packet
corrupt or has_seq1, ACK1
B send feedback to layer3

EVENT time: 46290.226563,  type: 2, fromlayer3  entity: 0
A has received packet
A status: A_Wait_for_ACK_0
A get ACK1 or corrupt, wait and do nothing

EVENT time: 46559.835938,  type: 1, fromlayer5  entity: 0
A receiver message from above
A Wait for ACK0, message dropped

EVENT time: 46781.003906,  type: 0, timerinterrupt   entity: 0
A timer expired, resend packet and start timer

EVENT time: 46782.812500,  type: 2, fromlayer3  entity: 1
B has received packet
B deliver to layer5
notcorrupt and has_seq0, ACK0
          TOLAYER3: packet being corrupted
B send feedback to layer3

EVENT time: 46784.585938,  type: 2, fromlayer3  entity: 0
A has received packet
A status: A_Wait_for_ACK_0
A get ACK1 or corrupt, wait and do nothing

EVENT time: 47281.003906,  type: 0, timerinterrupt   entity: 0
A timer expired, resend packet and start timer

EVENT time: 47288.324219,  type: 2, fromlayer3  entity: 1
B has received packet
unexpected, ACK0
          TOLAYER3: packet being corrupted
B send feedback to layer3

EVENT time: 47294.910156,  type: 2, fromlayer3  entity: 0
A has received packet
A status: A_Wait_for_ACK_0
A get ACK1 or corrupt, wait and do nothing

EVENT time: 47781.003906,  type: 0, timerinterrupt   entity: 0
A timer expired, resend packet and start timer

EVENT time: 47788.214844,  type: 2, fromlayer3  entity: 1
B has received packet
unexpected, ACK0
          TOLAYER3: packet being lost
B send feedback to layer3

EVENT time: 48281.003906,  type: 0, timerinterrupt   entity: 0
A timer expired, resend packet and start timer

EVENT time: 48285.156250,  type: 2, fromlayer3  entity: 1
B has received packet
unexpected, ACK0
          TOLAYER3: packet being lost
B send feedback to layer3

EVENT time: 48465.656250,  type: 1, fromlayer5  entity: 0
A receiver message from above
A Wait for ACK0, message dropped

EVENT time: 48781.003906,  type: 0, timerinterrupt   entity: 0
A timer expired, resend packet and start timer
          TOLAYER3: packet being corrupted

EVENT time: 48790.511719,  type: 2, fromlayer3  entity: 1
B has received packet
corrupt or has_seq0, ACK0
B send feedback to layer3

EVENT time: 48799.992188,  type: 2, fromlayer3  entity: 0
A has received packet
A status: A_Wait_for_ACK_0
A get ACK0 and ACK packet not corrupt, stop timer

EVENT time: 49619.132813,  type: 1, fromlayer5  entity: 0
A receiver message from above
Contents: wwwwwwwwwwwwwwwwwwww
          TOLAYER3: packet being lost
packet has been sent to layer3
A start timer

EVENT time: 50119.132813,  type: 0, timerinterrupt   entity: 0
A timer expired, resend packet and start timer
          TOLAYER3: packet being lost

EVENT time: 50619.132813,  type: 0, timerinterrupt   entity: 0
A timer expired, resend packet and start timer
          TOLAYER3: packet being lost

EVENT time: 51119.132813,  type: 0, timerinterrupt   entity: 0
A timer expired, resend packet and start timer
          TOLAYER3: packet being corrupted

EVENT time: 51121.097656,  type: 2, fromlayer3  entity: 1
B has received packet
unexpected, ACK0
B send feedback to layer3

EVENT time: 51127.593750,  type: 2, fromlayer3  entity: 0
A has received packet
A status: A_Wait_for_ACK_1
A get ACK0 or corrupt, wait and do nothing

EVENT time: 51220.562500,  type: 1, fromlayer5  entity: 0
A receiver message from above
A Wait for ACK1, message dropped

EVENT time: 51619.132813,  type: 0, timerinterrupt   entity: 0
A timer expired, resend packet and start timer
          TOLAYER3: packet being corrupted

EVENT time: 51621.960938,  type: 2, fromlayer3  entity: 1
B has received packet
unexpected, ACK0
B send feedback to layer3

EVENT time: 51629.527344,  type: 2, fromlayer3  entity: 0
A has received packet
A status: A_Wait_for_ACK_1
A get ACK0 or corrupt, wait and do nothing

EVENT time: 51873.476563,  type: 1, fromlayer5  entity: 0
A receiver message from above
A Wait for ACK1, message dropped

EVENT time: 51924.566406,  type: 1, fromlayer5  entity: 0
A receiver message from above
A Wait for ACK1, message dropped

EVENT time: 52119.132813,  type: 0, timerinterrupt   entity: 0
A timer expired, resend packet and start timer
          TOLAYER3: packet being corrupted

EVENT time: 52124.351563,  type: 2, fromlayer3  entity: 1
B has received packet
unexpected, ACK0
B send feedback to layer3

EVENT time: 52132.605469,  type: 2, fromlayer3  entity: 0
A has received packet
A status: A_Wait_for_ACK_1
A get ACK0 or corrupt, wait and do nothing

EVENT time: 52619.132813,  type: 0, timerinterrupt   entity: 0
A timer expired, resend packet and start timer
          TOLAYER3: packet being lost

EVENT time: 52925.085938,  type: 1, fromlayer5  entity: 0
A receiver message from above
A Wait for ACK1, message dropped

EVENT time: 53119.132813,  type: 0, timerinterrupt   entity: 0
A timer expired, resend packet and start timer
          TOLAYER3: packet being lost

EVENT time: 53122.664063,  type: 1, fromlayer5  entity: 0
A receiver message from above
A Wait for ACK1, message dropped

EVENT time: 53619.132813,  type: 0, timerinterrupt   entity: 0
A timer expired, resend packet and start timer

EVENT time: 53624.300781,  type: 2, fromlayer3  entity: 1
B has received packet
B deliver to layer5
notcorrupt and has_seq1, ACK1
          TOLAYER3: packet being lost
B send feedback to layer3

EVENT time: 53765.507813,  type: 1, fromlayer5  entity: 0
A receiver message from above
A Wait for ACK1, message dropped

EVENT time: 54119.132813,  type: 0, timerinterrupt   entity: 0
A timer expired, resend packet and start timer

EVENT time: 54128.324219,  type: 2, fromlayer3  entity: 1
B has received packet
corrupt or has_seq1, ACK1
B send feedback to layer3

EVENT time: 54130.566406,  type: 2, fromlayer3  entity: 0
A has received packet
A status: A_Wait_for_ACK_1
A get ACK1 and ACK packet not corrupt, stop timer

EVENT time: 54511.015625,  type: 1, fromlayer5  entity: 0
A receiver message from above
Contents: dddddddddddddddddddd
          TOLAYER3: packet being corrupted
packet has been sent to layer3
A start timer

EVENT time: 54520.593750,  type: 2, fromlayer3  entity: 1
B has received packet
corrupt or has_seq1, ACK1
B send feedback to layer3

EVENT time: 54529.132813,  type: 2, fromlayer3  entity: 0
A has received packet
A status: A_Wait_for_ACK_0
A get ACK1 or corrupt, wait and do nothing

EVENT time: 55011.015625,  type: 0, timerinterrupt   entity: 0
A timer expired, resend packet and start timer
          TOLAYER3: packet being corrupted

EVENT time: 55012.449219,  type: 2, fromlayer3  entity: 1
B has received packet
corrupt or has_seq1, ACK1
B send feedback to layer3

EVENT time: 55014.777344,  type: 2, fromlayer3  entity: 0
A has received packet
A status: A_Wait_for_ACK_0
A get ACK1 or corrupt, wait and do nothing

EVENT time: 55511.015625,  type: 0, timerinterrupt   entity: 0
A timer expired, resend packet and start timer

EVENT time: 55516.160156,  type: 2, fromlayer3  entity: 1
B has received packet
B deliver to layer5
notcorrupt and has_seq0, ACK0
B send feedback to layer3

EVENT time: 55523.066406,  type: 2, fromlayer3  entity: 0
A has received packet
A status: A_Wait_for_ACK_0
A get ACK0 and ACK packet not corrupt, stop timer

EVENT time: 55736.152344,  type: 1, fromlayer5  entity: 0
A receiver message from above
Contents: eeeeeeeeeeeeeeeeeeee
          TOLAYER3: packet being corrupted
packet has been sent to layer3
A start timer

EVENT time: 55740.253906,  type: 2, fromlayer3  entity: 1
B has received packet
unexpected, ACK0
B send feedback to layer3

EVENT time: 55742.046875,  type: 2, fromlayer3  entity: 0
A has received packet
A status: A_Wait_for_ACK_1
A get ACK0 or corrupt, wait and do nothing

EVENT time: 55878.671875,  type: 1, fromlayer5  entity: 0
A receiver message from above
A Wait for ACK1, message dropped

EVENT time: 55971.449219,  type: 1, fromlayer5  entity: 0
A receiver message from above
A Wait for ACK1, message dropped

EVENT time: 56236.152344,  type: 0, timerinterrupt   entity: 0
A timer expired, resend packet and start timer
          TOLAYER3: packet being corrupted

EVENT time: 56240.640625,  type: 2, fromlayer3  entity: 1
B has received packet
unexpected, ACK0
          TOLAYER3: packet being corrupted
B send feedback to layer3

EVENT time: 56241.863281,  type: 2, fromlayer3  entity: 0
A has received packet
A status: A_Wait_for_ACK_1
A get ACK0 or corrupt, wait and do nothing

EVENT time: 56736.152344,  type: 0, timerinterrupt   entity: 0
A timer expired, resend packet and start timer

EVENT time: 56739.648438,  type: 2, fromlayer3  entity: 1
B has received packet
B deliver to layer5
notcorrupt and has_seq1, ACK1
B send feedback to layer3

EVENT time: 56744.609375,  type: 2, fromlayer3  entity: 0
A has received packet
A status: A_Wait_for_ACK_1
A get ACK1 and ACK packet not corrupt, stop timer

EVENT time: 57628.726563,  type: 1, fromlayer5  entity: 0
A receiver message from above
Contents: hhhhhhhhhhhhhhhhhhhh
          TOLAYER3: packet being lost
packet has been sent to layer3
A start timer

EVENT time: 58128.726563,  type: 0, timerinterrupt   entity: 0
A timer expired, resend packet and start timer
          TOLAYER3: packet being corrupted

EVENT time: 58133.210938,  type: 2, fromlayer3  entity: 1
B has received packet
corrupt or has_seq1, ACK1
          TOLAYER3: packet being lost
B send feedback to layer3

EVENT time: 58628.726563,  type: 0, timerinterrupt   entity: 0
A timer expired, resend packet and start timer
          TOLAYER3: packet being lost

EVENT time: 59128.726563,  type: 0, timerinterrupt   entity: 0
A timer expired, resend packet and start timer
          TOLAYER3: packet being corrupted

EVENT time: 59132.187500,  type: 2, fromlayer3  entity: 1
B has received packet
corrupt or has_seq1, ACK1
          TOLAYER3: packet being corrupted
B send feedback to layer3

EVENT time: 59137.062500,  type: 2, fromlayer3  entity: 0
A has received packet
A status: A_Wait_for_ACK_0
A get ACK1 or corrupt, wait and do nothing

EVENT time: 59528.078125,  type: 1, fromlayer5  entity: 0
A receiver message from above
A Wait for ACK0, message dropped

EVENT time: 59628.726563,  type: 0, timerinterrupt   entity: 0
A timer expired, resend packet and start timer
          TOLAYER3: packet being corrupted

EVENT time: 59634.250000,  type: 2, fromlayer3  entity: 1
B has received packet
corrupt or has_seq1, ACK1
          TOLAYER3: packet being lost
B send feedback to layer3

EVENT time: 60128.726563,  type: 0, timerinterrupt   entity: 0
A timer expired, resend packet and start timer

EVENT time: 60135.437500,  type: 2, fromlayer3  entity: 1
B has received packet
B deliver to layer5
notcorrupt and has_seq0, ACK0
B send feedback to layer3

EVENT time: 60139.910156,  type: 2, fromlayer3  entity: 0
A has received packet
A status: A_Wait_for_ACK_0
A get ACK0 and ACK packet not corrupt, stop timer

EVENT time: 60207.421875,  type: 1, fromlayer5  entity: 0
A receiver message from above
Contents: jjjjjjjjjjjjjjjjjjjj
          TOLAYER3: packet being lost
packet has been sent to layer3
A start timer

EVENT time: 60707.421875,  type: 0, timerinterrupt   entity: 0
A timer expired, resend packet and start timer

EVENT time: 60714.535156,  type: 2, fromlayer3  entity: 1
B has received packet
B deliver to layer5
notcorrupt and has_seq1, ACK1
          TOLAYER3: packet being corrupted
B send feedback to layer3

EVENT time: 60718.707031,  type: 2, fromlayer3  entity: 0
A has received packet
A status: A_Wait_for_ACK_1
A get ACK0 or corrupt, wait and do nothing

EVENT time: 61207.421875,  type: 0, timerinterrupt   entity: 0
A timer expired, resend packet and start timer
          TOLAYER3: packet being corrupted

EVENT time: 61217.269531,  type: 2, fromlayer3  entity: 1
B has received packet
corrupt or has_seq1, ACK1
          TOLAYER3: packet being corrupted
B send feedback to layer3

EVENT time: 61222.144531,  type: 2, fromlayer3  entity: 0
A has received packet
A status: A_Wait_for_ACK_1
A get ACK0 or corrupt, wait and do nothing

EVENT time: 61707.421875,  type: 0, timerinterrupt   entity: 0
A timer expired, resend packet and start timer

EVENT time: 61713.054688,  type: 2, fromlayer3  entity: 1
B has received packet
corrupt or has_seq1, ACK1
          TOLAYER3: packet being lost
B send feedback to layer3

EVENT time: 62186.484375,  type: 1, fromlayer5  entity: 0
A receiver message from above
A Wait for ACK1, message dropped

EVENT time: 62207.421875,  type: 0, timerinterrupt   entity: 0
A timer expired, resend packet and start timer

EVENT time: 62210.343750,  type: 2, fromlayer3  entity: 1
B has received packet
corrupt or has_seq1, ACK1
B send feedback to layer3

EVENT time: 62215.425781,  type: 2, fromlayer3  entity: 0
A has received packet
A status: A_Wait_for_ACK_1
A get ACK1 and ACK packet not corrupt, stop timer

EVENT time: 62876.507813,  type: 1, fromlayer5  entity: 0
A receiver message from above
Contents: llllllllllllllllllll
packet has been sent to layer3
A start timer

EVENT time: 62884.828125,  type: 2, fromlayer3  entity: 1
B has received packet
B deliver to layer5
notcorrupt and has_seq0, ACK0
          TOLAYER3: packet being lost
B send feedback to layer3

EVENT time: 63376.507813,  type: 0, timerinterrupt   entity: 0
A timer expired, resend packet and start timer

EVENT time: 63384.550781,  type: 2, fromlayer3  entity: 1
B has received packet
unexpected, ACK0
B send feedback to layer3

EVENT time: 63393.027344,  type: 2, fromlayer3  entity: 0
A has received packet
A status: A_Wait_for_ACK_0
A get ACK0 and ACK packet not corrupt, stop timer

EVENT time: 63841.746094,  type: 1, fromlayer5  entity: 0
A receiver message from above
Contents: mmmmmmmmmmmmmmmmmmmm
          TOLAYER3: packet being lost
packet has been sent to layer3
A start timer

EVENT time: 64341.746094,  type: 0, timerinterrupt   entity: 0
A timer expired, resend packet and start timer
          TOLAYER3: packet being lost

EVENT time: 64683.386719,  type: 1, fromlayer5  entity: 0
A receiver message from above
A Wait for ACK1, message dropped

EVENT time: 64841.746094,  type: 0, timerinterrupt   entity: 0
A timer expired, resend packet and start timer

EVENT time: 64843.554688,  type: 2, fromlayer3  entity: 1
B has received packet
B deliver to layer5
notcorrupt and has_seq1, ACK1
B send feedback to layer3

EVENT time: 64847.445313,  type: 2, fromlayer3  entity: 0
A has received packet
A status: A_Wait_for_ACK_1
A get ACK1 and ACK packet not corrupt, stop timer

EVENT time: 65378.660156,  type: 1, fromlayer5  entity: 0
A receiver message from above
Contents: oooooooooooooooooooo
packet has been sent to layer3
A start timer

EVENT time: 65380.199219,  type: 2, fromlayer3  entity: 1
B has received packet
B deliver to layer5
notcorrupt and has_seq0, ACK0
B send feedback to layer3

EVENT time: 65387.890625,  type: 2, fromlayer3  entity: 0
A has received packet
A status: A_Wait_for_ACK_0
A get ACK0 and ACK packet not corrupt, stop timer

EVENT time: 66150.531250,  type: 1, fromlayer5  entity: 0
A receiver message from above
Contents: pppppppppppppppppppp
packet has been sent to layer3
A start timer

EVENT time: 66158.132813,  type: 2, fromlayer3  entity: 1
B has received packet
B deliver to layer5
notcorrupt and has_seq1, ACK1
          TOLAYER3: packet being lost
B send feedback to layer3

EVENT time: 66650.531250,  type: 0, timerinterrupt   entity: 0
A timer expired, resend packet and start timer

EVENT time: 66658.765625,  type: 2, fromlayer3  entity: 1
B has received packet
corrupt or has_seq1, ACK1
B send feedback to layer3

EVENT time: 66662.515625,  type: 2, fromlayer3  entity: 0
A has received packet
A status: A_Wait_for_ACK_1
A get ACK1 and ACK packet not corrupt, stop timer

EVENT time: 68021.742188,  type: 1, fromlayer5  entity: 0
A receiver message from above
Contents: qqqqqqqqqqqqqqqqqqqq
packet has been sent to layer3
A start timer

EVENT time: 68023.648438,  type: 2, fromlayer3  entity: 1
B has received packet
B deliver to layer5
notcorrupt and has_seq0, ACK0
B send feedback to layer3

EVENT time: 68030.632813,  type: 2, fromlayer3  entity: 0
A has received packet
A status: A_Wait_for_ACK_0
A get ACK0 and ACK packet not corrupt, stop timer

EVENT time: 68125.875000,  type: 1, fromlayer5  entity: 0
A receiver message from above
Contents: rrrrrrrrrrrrrrrrrrrr
packet has been sent to layer3
A start timer

EVENT time: 68133.101563,  type: 2, fromlayer3  entity: 1
B has received packet
B deliver to layer5
notcorrupt and has_seq1, ACK1
B send feedback to layer3

EVENT time: 68134.187500,  type: 2, fromlayer3  entity: 0
A has received packet
A status: A_Wait_for_ACK_1
A get ACK1 and ACK packet not corrupt, stop timer

EVENT time: 69412.718750,  type: 1, fromlayer5  entity: 0
A receiver message from above
Contents: ssssssssssssssssssss
packet has been sent to layer3
A start timer

EVENT time: 69419.914063,  type: 2, fromlayer3  entity: 1
B has received packet
B deliver to layer5
notcorrupt and has_seq0, ACK0
          TOLAYER3: packet being corrupted
B send feedback to layer3

EVENT time: 69421.023438,  type: 2, fromlayer3  entity: 0
A has received packet
A status: A_Wait_for_ACK_0
A get ACK1 or corrupt, wait and do nothing

EVENT time: 69912.718750,  type: 0, timerinterrupt   entity: 0
A timer expired, resend packet and start timer
          TOLAYER3: packet being lost

EVENT time: 70244.656250,  type: 1, fromlayer5  entity: 0
A receiver message from above
A Wait for ACK0, message dropped

EVENT time: 70412.718750,  type: 0, timerinterrupt   entity: 0
A timer expired, resend packet and start timer

EVENT time: 70419.796875,  type: 2, fromlayer3  entity: 1
B has received packet
unexpected, ACK0
B send feedback to layer3

EVENT time: 70422.984375,  type: 2, fromlayer3  entity: 0
A has received packet
A status: A_Wait_for_ACK_0
A get ACK0 and ACK packet not corrupt, stop timer

EVENT time: 70638.226563,  type: 1, fromlayer5  entity: 0
A receiver message from above
Contents: uuuuuuuuuuuuuuuuuuuu
packet has been sent to layer3
A start timer

EVENT time: 70648.164063,  type: 2, fromlayer3  entity: 1
B has received packet
B deliver to layer5
notcorrupt and has_seq1, ACK1
B send feedback to layer3

EVENT time: 70653.226563,  type: 2, fromlayer3  entity: 0
A has received packet
A status: A_Wait_for_ACK_1
A get ACK1 and ACK packet not corrupt, stop timer

EVENT time: 71619.640625,  type: 1, fromlayer5  entity: 0
A receiver message from above
Contents: vvvvvvvvvvvvvvvvvvvv
          TOLAYER3: packet being corrupted
packet has been sent to layer3
A start timer

EVENT time: 71627.179688,  type: 2, fromlayer3  entity: 1
B has received packet
corrupt or has_seq1, ACK1
B send feedback to layer3

EVENT time: 71633.351563,  type: 2, fromlayer3  entity: 0
A has received packet
A status: A_Wait_for_ACK_0
A get ACK1 or corrupt, wait and do nothing

EVENT time: 72119.640625,  type: 0, timerinterrupt   entity: 0
A timer expired, resend packet and start timer
          TOLAYER3: packet being corrupted

EVENT time: 72127.046875,  type: 2, fromlayer3  entity: 1
B has received packet
corrupt or has_seq1, ACK1
B send feedback to layer3

EVENT time: 72134.335938,  type: 2, fromlayer3  entity: 0
A has received packet
A status: A_Wait_for_ACK_0
A get ACK1 or corrupt, wait and do nothing

EVENT time: 72619.640625,  type: 0, timerinterrupt   entity: 0
A timer expired, resend packet and start timer

EVENT time: 72621.523438,  type: 2, fromlayer3  entity: 1
B has received packet
B deliver to layer5
notcorrupt and has_seq0, ACK0
          TOLAYER3: packet being corrupted
B send feedback to layer3

EVENT time: 72626.734375,  type: 2, fromlayer3  entity: 0
A has received packet
A status: A_Wait_for_ACK_0
A get ACK1 or corrupt, wait and do nothing

EVENT time: 72847.765625,  type: 1, fromlayer5  entity: 0
A receiver message from above
A Wait for ACK0, message dropped

EVENT time: 73119.640625,  type: 0, timerinterrupt   entity: 0
A timer expired, resend packet and start timer
          TOLAYER3: packet being corrupted

EVENT time: 73122.640625,  type: 2, fromlayer3  entity: 1
B has received packet
corrupt or has_seq0, ACK0
B send feedback to layer3

EVENT time: 73128.656250,  type: 2, fromlayer3  entity: 0
A has received packet
A status: A_Wait_for_ACK_0
A get ACK0 and ACK packet not corrupt, stop timer

EVENT time: 74484.171875,  type: 1, fromlayer5  entity: 0
A receiver message from above
Contents: xxxxxxxxxxxxxxxxxxxx
          TOLAYER3: packet being corrupted
packet has been sent to layer3
A start timer

EVENT time: 74488.062500,  type: 2, fromlayer3  entity: 1
B has received packet
unexpected, ACK0
B send feedback to layer3

EVENT time: 74493.695313,  type: 2, fromlayer3  entity: 0
A has received packet
A status: A_Wait_for_ACK_1
A get ACK0 or corrupt, wait and do nothing

EVENT time: 74662.093750,  type: 1, fromlayer5  entity: 0
A receiver message from above
A Wait for ACK1, message dropped

EVENT time: 74984.171875,  type: 0, timerinterrupt   entity: 0
A timer expired, resend packet and start timer
          TOLAYER3: packet being corrupted

EVENT time: 74993.976563,  type: 2, fromlayer3  entity: 1
B has received packet
unexpected, ACK0
          TOLAYER3: packet being lost
B send feedback to layer3

EVENT time: 75405.765625,  type: 1, fromlayer5  entity: 0
A receiver message from above
A Wait for ACK1, message dropped

EVENT time: 75484.171875,  type: 0, timerinterrupt   entity: 0
A timer expired, resend packet and start timer
          TOLAYER3: packet being lost

EVENT time: 75984.171875,  type: 0, timerinterrupt   entity: 0
A timer expired, resend packet and start timer

EVENT time: 75988.648438,  type: 2, fromlayer3  entity: 1
B has received packet
B deliver to layer5
notcorrupt and has_seq1, ACK1
          TOLAYER3: packet being lost
B send feedback to layer3

EVENT time: 76484.171875,  type: 0, timerinterrupt   entity: 0
A timer expired, resend packet and start timer
          TOLAYER3: packet being corrupted

EVENT time: 76486.867188,  type: 2, fromlayer3  entity: 1
B has received packet
corrupt or has_seq1, ACK1
B send feedback to layer3

EVENT time: 76491.875000,  type: 2, fromlayer3  entity: 0
A has received packet
A status: A_Wait_for_ACK_1
A get ACK1 and ACK packet not corrupt, stop timer

EVENT time: 77374.640625,  type: 1, fromlayer5  entity: 0
A receiver message from above
Contents: aaaaaaaaaaaaaaaaaaaa
packet has been sent to layer3
A start timer

EVENT time: 77376.546875,  type: 2, fromlayer3  entity: 1
B has received packet
B deliver to layer5
notcorrupt and has_seq0, ACK0
B send feedback to layer3

EVENT time: 77381.117188,  type: 2, fromlayer3  entity: 0
A has received packet
A status: A_Wait_for_ACK_0
A get ACK0 and ACK packet not corrupt, stop timer

EVENT time: 78009.117188,  type: 1, fromlayer5  entity: 0
A receiver message from above
Contents: bbbbbbbbbbbbbbbbbbbb
          TOLAYER3: packet being corrupted
packet has been sent to layer3
A start timer

EVENT time: 78016.476563,  type: 2, fromlayer3  entity: 1
B has received packet
unexpected, ACK0
          TOLAYER3: packet being corrupted
B send feedback to layer3

EVENT time: 78020.445313,  type: 2, fromlayer3  entity: 0
A has received packet
A status: A_Wait_for_ACK_1
A get ACK0 or corrupt, wait and do nothing

EVENT time: 78509.117188,  type: 0, timerinterrupt   entity: 0
A timer expired, resend packet and start timer

EVENT time: 78510.109375,  type: 1, fromlayer5  entity: 0
A receiver message from above
A Wait for ACK1, message dropped

EVENT time: 78516.601563,  type: 2, fromlayer3  entity: 1
B has received packet
B deliver to layer5
notcorrupt and has_seq1, ACK1
          TOLAYER3: packet being lost
B send feedback to layer3

EVENT time: 78874.867188,  type: 1, fromlayer5  entity: 0
A receiver message from above
A Wait for ACK1, message dropped

EVENT time: 79009.117188,  type: 0, timerinterrupt   entity: 0
A timer expired, resend packet and start timer
          TOLAYER3: packet being lost

EVENT time: 79083.062500,  type: 1, fromlayer5  entity: 0
A receiver message from above
A Wait for ACK1, message dropped

EVENT time: 79509.117188,  type: 0, timerinterrupt   entity: 0
A timer expired, resend packet and start timer

EVENT time: 79512.875000,  type: 2, fromlayer3  entity: 1
B has received packet
corrupt or has_seq1, ACK1
          TOLAYER3: packet being corrupted
B send feedback to layer3

EVENT time: 79517.023438,  type: 2, fromlayer3  entity: 0
A has received packet
A status: A_Wait_for_ACK_1
A get ACK0 or corrupt, wait and do nothing

EVENT time: 79679.210938,  type: 1, fromlayer5  entity: 0
A receiver message from above
A Wait for ACK1, message dropped

EVENT time: 80009.117188,  type: 0, timerinterrupt   entity: 0
A timer expired, resend packet and start timer

EVENT time: 80018.421875,  type: 2, fromlayer3  entity: 1
B has received packet
corrupt or has_seq1, ACK1
          TOLAYER3: packet being corrupted
B send feedback to layer3

EVENT time: 80019.718750,  type: 2, fromlayer3  entity: 0
A has received packet
A status: A_Wait_for_ACK_1
A get ACK0 or corrupt, wait and do nothing

EVENT time: 80509.117188,  type: 0, timerinterrupt   entity: 0
A timer expired, resend packet and start timer
          TOLAYER3: packet being lost

EVENT time: 80776.781250,  type: 1, fromlayer5  entity: 0
A receiver message from above
A Wait for ACK1, message dropped

EVENT time: 81009.117188,  type: 0, timerinterrupt   entity: 0
A timer expired, resend packet and start timer

EVENT time: 81011.210938,  type: 2, fromlayer3  entity: 1
B has received packet
corrupt or has_seq1, ACK1
B send feedback to layer3

EVENT time: 81016.539063,  type: 2, fromlayer3  entity: 0
A has received packet
A status: A_Wait_for_ACK_1
A get ACK1 and ACK packet not corrupt, stop timer

EVENT time: 81591.382813,  type: 1, fromlayer5  entity: 0
A receiver message from above
Contents: hhhhhhhhhhhhhhhhhhhh
packet has been sent to layer3
A start timer

EVENT time: 81598.773438,  type: 2, fromlayer3  entity: 1
B has received packet
B deliver to layer5
notcorrupt and has_seq0, ACK0
B send feedback to layer3

EVENT time: 81601.757813,  type: 2, fromlayer3  entity: 0
A has received packet
A status: A_Wait_for_ACK_0
A get ACK0 and ACK packet not corrupt, stop timer

EVENT time: 83038.203125,  type: 1, fromlayer5  entity: 0
A receiver message from above
Contents: iiiiiiiiiiiiiiiiiiii
          TOLAYER3: packet being corrupted
packet has been sent to layer3
A start timer

EVENT time: 83046.414063,  type: 2, fromlayer3  entity: 1
B has received packet
unexpected, ACK0
          TOLAYER3: packet being corrupted
B send feedback to layer3

EVENT time: 83047.921875,  type: 2, fromlayer3  entity: 0
A has received packet
A status: A_Wait_for_ACK_1
A get ACK0 or corrupt, wait and do nothing

EVENT time: 83232.242188,  type: 1, fromlayer5  entity: 0
A receiver message from above
A Wait for ACK1, message dropped

EVENT time: 83425.242188,  type: 1, fromlayer5  entity: 0
A receiver message from above
A Wait for ACK1, message dropped

EVENT time: 83538.203125,  type: 0, timerinterrupt   entity: 0
A timer expired, resend packet and start timer
          TOLAYER3: packet being lost

EVENT time: 83612.320313,  type: 1, fromlayer5  entity: 0
A receiver message from above
A Wait for ACK1, message dropped

EVENT time: 84038.203125,  type: 0, timerinterrupt   entity: 0
A timer expired, resend packet and start timer

EVENT time: 84043.117188,  type: 2, fromlayer3  entity: 1
B has received packet
B deliver to layer5
notcorrupt and has_seq1, ACK1
B send feedback to layer3

EVENT time: 84047.781250,  type: 2, fromlayer3  entity: 0
A has received packet
A status: A_Wait_for_ACK_1
A get ACK1 and ACK packet not corrupt, stop timer

EVENT time: 84783.070313,  type: 1, fromlayer5  entity: 0
A receiver message from above
Contents: mmmmmmmmmmmmmmmmmmmm
          TOLAYER3: packet being lost
packet has been sent to layer3
A start timer

EVENT time: 85283.070313,  type: 0, timerinterrupt   entity: 0
A timer expired, resend packet and start timer

EVENT time: 85291.609375,  type: 2, fromlayer3  entity: 1
B has received packet
B deliver to layer5
notcorrupt and has_seq0, ACK0
          TOLAYER3: packet being corrupted
B send feedback to layer3

EVENT time: 85298.125000,  type: 2, fromlayer3  entity: 0
A has received packet
A status: A_Wait_for_ACK_0
A get ACK1 or corrupt, wait and do nothing

EVENT time: 85303.835938,  type: 1, fromlayer5  entity: 0
A receiver message from above
A Wait for ACK0, message dropped

EVENT time: 85783.070313,  type: 0, timerinterrupt   entity: 0
A timer expired, resend packet and start timer

EVENT time: 85788.937500,  type: 2, fromlayer3  entity: 1
B has received packet
unexpected, ACK0
          TOLAYER3: packet being corrupted
B send feedback to layer3

EVENT time: 85794.367188,  type: 2, fromlayer3  entity: 0
A has received packet
A status: A_Wait_for_ACK_0
A get ACK1 or corrupt, wait and do nothing

EVENT time: 86212.796875,  type: 1, fromlayer5  entity: 0
A receiver message from above
A Wait for ACK0, message dropped

EVENT time: 86283.070313,  type: 0, timerinterrupt   entity: 0
A timer expired, resend packet and start timer
          TOLAYER3: packet being corrupted

EVENT time: 86286.664063,  type: 2, fromlayer3  entity: 1
B has received packet
corrupt or has_seq0, ACK0
B send feedback to layer3

EVENT time: 86294.039063,  type: 2, fromlayer3  entity: 0
A has received packet
A status: A_Wait_for_ACK_0
A get ACK0 and ACK packet not corrupt, stop timer

EVENT time: 87477.117188,  type: 1, fromlayer5  entity: 0
A receiver message from above
Contents: pppppppppppppppppppp
packet has been sent to layer3
A start timer

EVENT time: 87478.968750,  type: 2, fromlayer3  entity: 1
B has received packet
B deliver to layer5
notcorrupt and has_seq1, ACK1
B send feedback to layer3

EVENT time: 87483.046875,  type: 2, fromlayer3  entity: 0
A has received packet
A status: A_Wait_for_ACK_1
A get ACK1 and ACK packet not corrupt, stop timer

EVENT time: 88328.648438,  type: 1, fromlayer5  entity: 0
A receiver message from above
Contents: qqqqqqqqqqqqqqqqqqqq
          TOLAYER3: packet being corrupted
packet has been sent to layer3
A start timer

EVENT time: 88335.203125,  type: 2, fromlayer3  entity: 1
B has received packet
corrupt or has_seq1, ACK1
          TOLAYER3: packet being corrupted
B send feedback to layer3

EVENT time: 88341.507813,  type: 2, fromlayer3  entity: 0
A has received packet
A status: A_Wait_for_ACK_0
A get ACK1 or corrupt, wait and do nothing

EVENT time: 88828.648438,  type: 0, timerinterrupt   entity: 0
A timer expired, resend packet and start timer

EVENT time: 88833.914063,  type: 2, fromlayer3  entity: 1
B has received packet
B deliver to layer5
notcorrupt and has_seq0, ACK0
B send feedback to layer3

EVENT time: 88837.601563,  type: 2, fromlayer3  entity: 0
A has received packet
A status: A_Wait_for_ACK_0
A get ACK0 and ACK packet not corrupt, stop timer

EVENT time: 88993.828125,  type: 1, fromlayer5  entity: 0
A receiver message from above
Contents: rrrrrrrrrrrrrrrrrrrr
packet has been sent to layer3
A start timer

EVENT time: 88996.648438,  type: 2, fromlayer3  entity: 1
B has received packet
B deliver to layer5
notcorrupt and has_seq1, ACK1
          TOLAYER3: packet being corrupted
B send feedback to layer3

EVENT time: 89005.671875,  type: 2, fromlayer3  entity: 0
A has received packet
A status: A_Wait_for_ACK_1
A get ACK0 or corrupt, wait and do nothing

EVENT time: 89493.828125,  type: 0, timerinterrupt   entity: 0
A timer expired, resend packet and start timer

EVENT time: 89499.601563,  type: 2, fromlayer3  entity: 1
B has received packet
corrupt or has_seq1, ACK1
B send feedback to layer3

EVENT time: 89509.281250,  type: 2, fromlayer3  entity: 0
A has received packet
A status: A_Wait_for_ACK_1
A get ACK1 and ACK packet not corrupt, stop timer

EVENT time: 90315.953125,  type: 1, fromlayer5  entity: 0
A receiver message from above
Contents: ssssssssssssssssssss
packet has been sent to layer3
A start timer

EVENT time: 90322.859375,  type: 2, fromlayer3  entity: 1
B has received packet
B deliver to layer5
notcorrupt and has_seq0, ACK0
B send feedback to layer3

EVENT time: 90326.625000,  type: 2, fromlayer3  entity: 0
A has received packet
A status: A_Wait_for_ACK_0
A get ACK0 and ACK packet not corrupt, stop timer

EVENT time: 91712.476563,  type: 1, fromlayer5  entity: 0
A receiver message from above
Contents: tttttttttttttttttttt
          TOLAYER3: packet being corrupted
packet has been sent to layer3
A start timer

EVENT time: 91721.625000,  type: 2, fromlayer3  entity: 1
B has received packet
unexpected, ACK0
B send feedback to layer3

EVENT time: 91729.015625,  type: 2, fromlayer3  entity: 0
A has received packet
A status: A_Wait_for_ACK_1
A get ACK0 or corrupt, wait and do nothing

EVENT time: 92212.476563,  type: 0, timerinterrupt   entity: 0
A timer expired, resend packet and start timer
          TOLAYER3: packet being lost

EVENT time: 92712.476563,  type: 0, timerinterrupt   entity: 0
A timer expired, resend packet and start timer
          TOLAYER3: packet being corrupted

EVENT time: 92714.679688,  type: 2, fromlayer3  entity: 1
B has received packet
unexpected, ACK0
B send feedback to layer3

EVENT time: 92724.664063,  type: 2, fromlayer3  entity: 0
A has received packet
A status: A_Wait_for_ACK_1
A get ACK0 or corrupt, wait and do nothing

EVENT time: 93212.476563,  type: 0, timerinterrupt   entity: 0
A timer expired, resend packet and start timer

EVENT time: 93219.421875,  type: 2, fromlayer3  entity: 1
B has received packet
B deliver to layer5
notcorrupt and has_seq1, ACK1
          TOLAYER3: packet being lost
B send feedback to layer3

EVENT time: 93712.414063,  type: 1, fromlayer5  entity: 0
A receiver message from above
A Wait for ACK1, message dropped

EVENT time: 93712.476563,  type: 0, timerinterrupt   entity: 0
A timer expired, resend packet and start timer
          TOLAYER3: packet being corrupted

EVENT time: 93721.687500,  type: 2, fromlayer3  entity: 1
B has received packet
corrupt or has_seq1, ACK1
B send feedback to layer3

EVENT time: 93725.992188,  type: 2, fromlayer3  entity: 0
A has received packet
A status: A_Wait_for_ACK_1
A get ACK1 and ACK packet not corrupt, stop timer

EVENT time: 94277.375000,  type: 1, fromlayer5  entity: 0
A receiver message from above
Contents: vvvvvvvvvvvvvvvvvvvv
packet has been sent to layer3
A start timer

EVENT time: 94281.703125,  type: 2, fromlayer3  entity: 1
 Simulator terminated at time 94281.703125
 after sending 100 msgs from layer5

Process finished with exit code 0
